
============= MEMWATCH 2.71 Copyright (C) 1992-1999 Johan Lindh =============

Started at Sun Mar  8 19:42:01 2015

Modes: __STDC__ 64-bit mwDWORD==(unsigned int)
mwROUNDALLOC==8 sizeof(mwData)==56 mwDataSize==56


Stopped at Sun Mar  8 19:42:01 2015

unfreed: <1> memEG.c(20), 1 bytes at 0xf5c350  	{FE .. .. .. .. .. .. .. .. .. .. .. .. .. .. .. .}

Memory usage statistics (global):
 N)umber of allocations made: 1
 L)argest memory usage      : 1
 T)otal of all alloc() calls: 1
 U)nfreed bytes totals      : 1

============= MEMWATCH 2.71 Copyright (C) 1992-1999 Johan Lindh =============

Started at Sun Mar  8 19:42:39 2015

Modes: __STDC__ 64-bit mwDWORD==(unsigned int)
mwROUNDALLOC==8 sizeof(mwData)==56 mwDataSize==56


Stopped at Sun Mar  8 19:42:39 2015


Memory usage statistics (global):
 N)umber of allocations made: 1
 L)argest memory usage      : 1
 T)otal of all alloc() calls: 1
 U)nfreed bytes totals      : 0
